<?xml version="1.0" encoding="UTF-8"?>
<!-- Generated by org.testng.reporters.JUnitReportReporter -->
<testsuite name="testScripts.GeneralTestCase" tests="1" time="18.337" ignored="0" failures="0" timestamp="10 Feb 2017 08:35:48 GMT" skipped="0" hostname="TRICONNODE109" errors="0">
  <testcase name="LoginwithInValidCredentialsPassword" time="18.337" classname="testScripts.GeneralTestCase"/>
</testsuite> <!-- testScripts.GeneralTestCase -->
