<?xml version="1.0" encoding="UTF-8"?>
<!-- Generated by org.testng.reporters.JUnitReportReporter -->
<testsuite name="testScripts.GeneralTestCase" tests="2" time="30.814" ignored="0" failures="0" timestamp="09 Feb 2017 14:03:08 GMT" skipped="0" hostname="TRICONNODE109" errors="0">
  <testcase name="LoginwithInValidCredentialsPassword" time="16.839" classname="testScripts.GeneralTestCase"/>
  <testcase name="LoginwithInValidCredentialsEmail" time="13.975" classname="testScripts.GeneralTestCase"/>
</testsuite> <!-- testScripts.GeneralTestCase -->
