<?xml version="1.0" encoding="UTF-8"?>
<!-- Generated by org.testng.reporters.JUnitReportReporter -->
<testsuite hostname="TRICONNODE109" name="testScripts.DBATestScript" tests="2" failures="0" timestamp="31 Jan 2017 12:25:21 GMT" time="95.948" errors="0">
  <testcase name="DBACreate_TestIDNow" time="49.831" classname="testScripts.DBATestScript"/>
  <testcase name="DBACreate_TestIDLater" time="46.117" classname="testScripts.DBATestScript"/>
</testsuite> <!-- testScripts.DBATestScript -->
