<?xml version="1.0" encoding="UTF-8"?>
<!-- Generated by org.testng.reporters.JUnitReportReporter -->
<testsuite name="testScripts.GroupTestScript" tests="1" time="79.104" ignored="0" failures="0" timestamp="14 Feb 2017 08:51:31 GMT" skipped="0" hostname="TRICONNODE109" errors="0">
  <testcase name="GroupCreateNew_Pass" time="79.104" classname="testScripts.GroupTestScript"/>
</testsuite> <!-- testScripts.GroupTestScript -->
