<?xml version="1.0" encoding="UTF-8"?>
<!-- Generated by org.testng.reporters.JUnitReportReporter -->
<testsuite hostname="TRICONNODE109" name="TempClassfiles.Annotation_Batch" tests="2" failures="0" timestamp="31 Jan 2017 14:16:15 GMT" time="0.000" errors="0">
  <testcase name="testCase2" time="0.000" classname="TempClassfiles.Annotation_Batch"/>
  <testcase name="testCase1" time="0.000" classname="TempClassfiles.Annotation_Batch"/>
</testsuite> <!-- TempClassfiles.Annotation_Batch -->
