<?xml version="1.0" encoding="UTF-8"?>
<!-- Generated by org.testng.reporters.JUnitReportReporter -->
<testsuite name="TempClassfiles.Annotation_Batch" tests="2" time="0.007" ignored="0" failures="0" timestamp="09 Feb 2017 13:32:37 GMT" skipped="0" hostname="TRICONNODE109" errors="0">
  <testcase name="testCase2" time="0.002" classname="TempClassfiles.Annotation_Batch"/>
  <testcase name="testCase1" time="0.005" classname="TempClassfiles.Annotation_Batch"/>
</testsuite> <!-- TempClassfiles.Annotation_Batch -->
